<?xml version="1.0" encoding="UTF-8"?>
<!-- Generated by org.testng.reporters.JUnitReportReporter -->
<testsuite skipped="0" hostname="DESKTOP-CMANQCD" name="End2End" tests="5" failures="0" timestamp="2020-09-09T06:23:17 PDT" time="5.698" errors="0">
  <testcase name="launchURL" time="1.854" classname="End2End"/>
  <testcase name="logintest" time="1.006" classname="End2End"/>
  <testcase name="addpromise" time="1.867" classname="End2End"/>
  <testcase name="search" time="0.730" classname="End2End"/>
  <testcase name="logout" time="0.241" classname="End2End"/>
</testsuite> <!-- End2End -->
